<?xml version="1.0" encoding="UTF-8"?>
<testsuite name="com.ids.idsserver.IdsserverApplicationTests" tests="1" skipped="0" failures="0" errors="0" timestamp="2019-11-22T11:01:20" hostname="PC3293" time="0.275">
  <properties/>
  <testcase name="contextLoads()" classname="com.ids.idsserver.IdsserverApplicationTests" time="0.275"/>
  <system-out><![CDATA[12:01:17.804 [Test worker] DEBUG org.springframework.test.context.BootstrapUtils - Instantiating CacheAwareContextLoaderDelegate from class [org.springframework.test.context.cache.DefaultCacheAwareContextLoaderDelegate]
12:01:17.820 [Test worker] DEBUG org.springframework.test.context.BootstrapUtils - Instantiating BootstrapContext using constructor [public org.springframework.test.context.support.DefaultBootstrapContext(java.lang.Class,org.springframework.test.context.CacheAwareContextLoaderDelegate)]
12:01:17.846 [Test worker] DEBUG org.springframework.test.context.BootstrapUtils - Instantiating TestContextBootstrapper for test class [com.ids.idsserver.IdsserverApplicationTests] from class [org.springframework.boot.test.context.SpringBootTestContextBootstrapper]
12:01:17.977 [Test worker] INFO org.springframework.boot.test.context.SpringBootTestContextBootstrapper - Neither @ContextConfiguration nor @ContextHierarchy found for test class [com.ids.idsserver.IdsserverApplicationTests], using SpringBootContextLoader
12:01:17.987 [Test worker] DEBUG org.springframework.test.context.support.AbstractContextLoader - Did not detect default resource location for test class [com.ids.idsserver.IdsserverApplicationTests]: class path resource [com/ids/idsserver/IdsserverApplicationTests-context.xml] does not exist
12:01:17.987 [Test worker] DEBUG org.springframework.test.context.support.AbstractContextLoader - Did not detect default resource location for test class [com.ids.idsserver.IdsserverApplicationTests]: class path resource [com/ids/idsserver/IdsserverApplicationTestsContext.groovy] does not exist
12:01:17.988 [Test worker] INFO org.springframework.test.context.support.AbstractContextLoader - Could not detect default resource locations for test class [com.ids.idsserver.IdsserverApplicationTests]: no resource found for suffixes {-context.xml, Context.groovy}.
12:01:17.989 [Test worker] INFO org.springframework.test.context.support.AnnotationConfigContextLoaderUtils - Could not detect default configuration classes for test class [com.ids.idsserver.IdsserverApplicationTests]: IdsserverApplicationTests does not declare any static, non-private, non-final, nested classes annotated with @Configuration.
12:01:18.042 [Test worker] DEBUG org.springframework.test.context.support.ActiveProfilesUtils - Could not find an 'annotation declaring class' for annotation type [org.springframework.test.context.ActiveProfiles] and class [com.ids.idsserver.IdsserverApplicationTests]
12:01:18.125 [Test worker] DEBUG org.springframework.context.annotation.ClassPathScanningCandidateComponentProvider - Identified candidate component class: file [C:\IDS\idsserver\build\classes\java\main\com\ids\idsserver\IdsserverApplication.class]
12:01:18.127 [Test worker] INFO org.springframework.boot.test.context.SpringBootTestContextBootstrapper - Found @SpringBootConfiguration com.ids.idsserver.IdsserverApplication for test class com.ids.idsserver.IdsserverApplicationTests
12:01:18.285 [Test worker] DEBUG org.springframework.boot.test.context.SpringBootTestContextBootstrapper - @TestExecutionListeners is not present for class [com.ids.idsserver.IdsserverApplicationTests]: using defaults.
12:01:18.285 [Test worker] INFO org.springframework.boot.test.context.SpringBootTestContextBootstrapper - Loaded default TestExecutionListener class names from location [META-INF/spring.factories]: [org.springframework.boot.test.autoconfigure.restdocs.RestDocsTestExecutionListener, org.springframework.boot.test.autoconfigure.web.client.MockRestServiceServerResetTestExecutionListener, org.springframework.boot.test.autoconfigure.web.servlet.MockMvcPrintOnlyOnFailureTestExecutionListener, org.springframework.boot.test.autoconfigure.web.servlet.WebDriverTestExecutionListener, org.springframework.boot.test.mock.mockito.MockitoTestExecutionListener, org.springframework.boot.test.mock.mockito.ResetMocksTestExecutionListener, org.springframework.test.context.web.ServletTestExecutionListener, org.springframework.test.context.support.DirtiesContextBeforeModesTestExecutionListener, org.springframework.test.context.support.DependencyInjectionTestExecutionListener, org.springframework.test.context.support.DirtiesContextTestExecutionListener, org.springframework.test.context.transaction.TransactionalTestExecutionListener, org.springframework.test.context.jdbc.SqlScriptsTestExecutionListener, org.springframework.test.context.event.EventPublishingTestExecutionListener]
12:01:18.296 [Test worker] DEBUG org.springframework.boot.test.context.SpringBootTestContextBootstrapper - Skipping candidate TestExecutionListener [org.springframework.test.context.transaction.TransactionalTestExecutionListener] due to a missing dependency. Specify custom listener classes or make the default listener classes and their required dependencies available. Offending class: [org/springframework/transaction/interceptor/TransactionAttributeSource]
12:01:18.297 [Test worker] DEBUG org.springframework.boot.test.context.SpringBootTestContextBootstrapper - Skipping candidate TestExecutionListener [org.springframework.test.context.jdbc.SqlScriptsTestExecutionListener] due to a missing dependency. Specify custom listener classes or make the default listener classes and their required dependencies available. Offending class: [org/springframework/transaction/interceptor/TransactionAttribute]
12:01:18.297 [Test worker] INFO org.springframework.boot.test.context.SpringBootTestContextBootstrapper - Using TestExecutionListeners: [org.springframework.test.context.web.ServletTestExecutionListener@4933a659, org.springframework.test.context.support.DirtiesContextBeforeModesTestExecutionListener@5a460a89, org.springframework.boot.test.mock.mockito.MockitoTestExecutionListener@318fe0d7, org.springframework.boot.test.autoconfigure.SpringBootDependencyInjectionTestExecutionListener@6eac4576, org.springframework.test.context.support.DirtiesContextTestExecutionListener@3af92794, org.springframework.test.context.event.EventPublishingTestExecutionListener@50817000, org.springframework.boot.test.autoconfigure.restdocs.RestDocsTestExecutionListener@1e46ab9f, org.springframework.boot.test.autoconfigure.web.client.MockRestServiceServerResetTestExecutionListener@12cddad4, org.springframework.boot.test.autoconfigure.web.servlet.MockMvcPrintOnlyOnFailureTestExecutionListener@61fb9a9e, org.springframework.boot.test.autoconfigure.web.servlet.WebDriverTestExecutionListener@3aa1f7d1, org.springframework.boot.test.mock.mockito.ResetMocksTestExecutionListener@1190a949]
12:01:18.305 [Test worker] DEBUG org.springframework.test.context.support.AbstractDirtiesContextTestExecutionListener - Before test class: context [DefaultTestContext@16e8a6d2 testClass = IdsserverApplicationTests, testInstance = [null], testMethod = [null], testException = [null], mergedContextConfiguration = [WebMergedContextConfiguration@547ffe5e testClass = IdsserverApplicationTests, locations = '{}', classes = '{class com.ids.idsserver.IdsserverApplication}', contextInitializerClasses = '[]', activeProfiles = '{}', propertySourceLocations = '{}', propertySourceProperties = '{org.springframework.boot.test.context.SpringBootTestContextBootstrapper=true}', contextCustomizers = set[org.springframework.boot.test.autoconfigure.properties.PropertyMappingContextCustomizer@0, org.springframework.boot.test.autoconfigure.web.servlet.WebDriverContextCustomizerFactory$Customizer@5174cb2a, org.springframework.boot.test.context.filter.ExcludeFilterContextCustomizer@613b4b8a, org.springframework.boot.test.json.DuplicateJsonObjectContextCustomizerFactory$DuplicateJsonObjectContextCustomizer@7931f732, org.springframework.boot.test.mock.mockito.MockitoContextCustomizer@0, org.springframework.boot.test.web.client.TestRestTemplateContextCustomizer@3b8d5db1], resourceBasePath = 'src/main/webapp', contextLoader = 'org.springframework.boot.test.context.SpringBootContextLoader', parent = [null]], attributes = map['org.springframework.test.context.web.ServletTestExecutionListener.activateListener' -> true]], class annotated with @DirtiesContext [false] with mode [null].
12:01:18.332 [Test worker] DEBUG org.springframework.test.context.support.TestPropertySourceUtils - Adding inlined properties to environment: {spring.jmx.enabled=false, org.springframework.boot.test.context.SpringBootTestContextBootstrapper=true, server.port=-1}

  .   ____          _            __ _ _
 /\\ / ___'_ __ _ _(_)_ __  __ _ \ \ \ \
( ( )\___ | '_ | '_| | '_ \/ _` | \ \ \ \
 \\/  ___)| |_)| | | | | || (_| |  ) ) ) )
  '  |____| .__|_| |_|_| |_\__, | / / / /
 =========|_|==============|___/=/_/_/_/
 :: Spring Boot ::        (v2.2.1.RELEASE)

2019-11-22 12:01:18.643  INFO 27220 --- [    Test worker] c.i.idsserver.IdsserverApplicationTests  : Starting IdsserverApplicationTests on PC3293 with PID 27220 (started by shred in C:\IDS\idsserver)
2019-11-22 12:01:18.645  INFO 27220 --- [    Test worker] c.i.idsserver.IdsserverApplicationTests  : No active profile set, falling back to default profiles: default
2019-11-22 12:01:20.195  INFO 27220 --- [    Test worker] o.s.s.concurrent.ThreadPoolTaskExecutor  : Initializing ExecutorService 'applicationTaskExecutor'
2019-11-22 12:01:20.536  INFO 27220 --- [    Test worker] c.i.idsserver.IdsserverApplicationTests  : Started IdsserverApplicationTests in 2.192 seconds (JVM running for 3.759)
]]></system-out>
  <system-err><![CDATA[]]></system-err>
</testsuite>
